Sending build context to Docker daemon  93.18kB
Step 1/26 : FROM python:2
 ---> 09a181e16b7e
Step 2/26 : MAINTAINER dididi <dfdgsdfg@gmail.com>
 ---> Using cache
 ---> eb99e66bc0a1
Step 3/26 : ENV HOME /root
 ---> Using cache
 ---> 95a1a85df1f9
Step 4/26 : ENV LC_ALL C.UTF-8
 ---> Using cache
 ---> c46a0b7dd407
Step 5/26 : ARG CRAWL_GIT_REPO=https://github.com/crawl/crawl
 ---> Using cache
 ---> 1bf0338b455d
Step 6/26 : ARG CRAWL_VERSION=master
 ---> Using cache
 ---> 20427dc92543
Step 7/26 : RUN apt-get update &&     apt-get -y install build-essential                        libncursesw5-dev                        bison                        flex                        liblua5.1-0-dev                        libsqlite3-dev                        libz-dev                        pkg-config                        libsdl2-image-dev                        libsdl2-mixer-dev                        libsdl2-dev                        libfreetype6-dev                        libpng-dev                        ttf-dejavu-core                        ccache                        binutils-gold &&     apt-get clean &&     rm -rf /var/lib/apt/lists/* /tmp/* /var/tmp/*
 ---> Using cache
 ---> 354fce7cb0cd
Step 8/26 : RUN pip install tornado==3.2.2 pyyaml
 ---> Running in 8bc1fd07e8e1
[91mDEPRECATION: Python 2.7 reached the end of its life on January 1st, 2020. Please upgrade your Python as Python 2.7 is no longer maintained. A future version of pip will drop support for Python 2.7. More details about Python 2 support in pip, can be found at https://pip.pypa.io/en/latest/development/release-process/#python-2-support
[0mCollecting tornado==3.2.2
  Downloading tornado-3.2.2.tar.gz (405 kB)
Collecting pyyaml
  Downloading PyYAML-5.3.tar.gz (268 kB)
Collecting backports.ssl_match_hostname
  Downloading backports.ssl_match_hostname-3.7.0.1.tar.gz (5.7 kB)
Building wheels for collected packages: tornado, pyyaml, backports.ssl-match-hostname
  Building wheel for tornado (setup.py): started
  Building wheel for tornado (setup.py): finished with status 'done'
  Created wheel for tornado: filename=tornado-3.2.2-cp27-cp27mu-linux_x86_64.whl size=431116 sha256=cd28b4dc20de47f499f91f3ec8efbae35d432f235c23ef749ae63749526ccea0
  Stored in directory: /root/.cache/pip/wheels/7b/e5/bf/b7b642fa5c5b429f69f88b712f0248bdadb8d4eda1108b72fc
  Building wheel for pyyaml (setup.py): started
  Building wheel for pyyaml (setup.py): finished with status 'done'
  Created wheel for pyyaml: filename=PyYAML-5.3-cp27-cp27mu-linux_x86_64.whl size=402367 sha256=cc217f5322d48cb8c2c4344f4e821bb817136dbfd6991b387d8a7335f92d8c98
  Stored in directory: /root/.cache/pip/wheels/06/0f/01/cdac9a236377daed23bce2de82d8cc036abc5717f63bd8268c
  Building wheel for backports.ssl-match-hostname (setup.py): started
  Building wheel for backports.ssl-match-hostname (setup.py): finished with status 'done'
  Created wheel for backports.ssl-match-hostname: filename=backports.ssl_match_hostname-3.7.0.1-py2.py3-none-any.whl size=6738 sha256=254014a9855c009b555a79bf1358067ccc0411e714a92b458d1ceba34e926702
  Stored in directory: /root/.cache/pip/wheels/ce/c0/c7/557fbc2383eb37d8a281a7e58b23eb93f4cc70cd403d1d19e2
Successfully built tornado pyyaml backports.ssl-match-hostname
Installing collected packages: backports.ssl-match-hostname, tornado, pyyaml
Successfully installed backports.ssl-match-hostname-3.7.0.1 pyyaml-5.3 tornado-3.2.2
Removing intermediate container 8bc1fd07e8e1
 ---> 5054daa681a1
Step 9/26 : WORKDIR /root
 ---> Running in 7dc5468d9947
Removing intermediate container 7dc5468d9947
 ---> 04700e074041
Step 10/26 : RUN git clone ${CRAWL_GIT_REPO} --depth 1
 ---> Running in b2bbe55746f8
[91mCloning into 'crawl'...
[0mRemoving intermediate container b2bbe55746f8
 ---> b044a8b22e5e
Step 11/26 : WORKDIR /root/crawl
 ---> Running in ce6fa9013c00
Removing intermediate container ce6fa9013c00
 ---> 395f49f7e385
Step 12/26 : RUN git fetch origin ${CRAWL_VERSION}
 ---> Running in 85ba63626ffd
[91mFrom https://github.com/WilliamTheMarsman/crawl
 * branch            coffee-crawl -> FETCH_HEAD
[0mRemoving intermediate container 85ba63626ffd
 ---> cc1b7e95008c
Step 13/26 : RUN git checkout ${CRAWL_VERSION}
 ---> Running in d4bbbad9fc65
[91mAlready on 'coffee-crawl'
[0mYour branch is up to date with 'origin/coffee-crawl'.
Removing intermediate container d4bbbad9fc65
 ---> bc3ea2d4df5a
Step 14/26 : RUN git submodule update --init
 ---> Running in 0919c6e0a70a
[91mSubmodule 'crawl-ref/source/contrib/fonts' (git://github.com/crawl/crawl-fonts) registered for path 'crawl-ref/source/contrib/fonts'
[0m[91mSubmodule 'crawl-ref/source/contrib/freetype' (git://github.com/crawl/crawl-freetype) registered for path 'crawl-ref/source/contrib/freetype'
[0m[91mSubmodule 'crawl-ref/source/contrib/libpng' (git://github.com/crawl/crawl-libpng) registered for path 'crawl-ref/source/contrib/libpng'
[0m[91mSubmodule 'crawl-ref/source/contrib/lua' (git://github.com/crawl/crawl-lua) registered for path 'crawl-ref/source/contrib/lua'
[0m[91mSubmodule 'crawl-ref/source/contrib/luajit' (git://github.com/crawl/crawl-luajit) registered for path 'crawl-ref/source/contrib/luajit'
[0m[91mSubmodule 'crawl-ref/source/contrib/pcre' (git://github.com/crawl/crawl-pcre) registered for path 'crawl-ref/source/contrib/pcre'
[0m[91mSubmodule 'crawl-ref/source/contrib/sdl2' (git://github.com/crawl/crawl-sdl2) registered for path 'crawl-ref/source/contrib/sdl2'
[0m[91mSubmodule 'crawl-ref/source/contrib/sdl2-image' (git://github.com/crawl/crawl-sdl2-image) registered for path 'crawl-ref/source/contrib/sdl2-image'
Submodule 'crawl-ref/source/contrib/sdl2-mixer' (git://github.com/crawl/crawl-sdl2-mixer) registered for path 'crawl-ref/source/contrib/sdl2-mixer'
Submodule 'crawl-ref/source/contrib/sqlite' (git://github.com/crawl/crawl-sqlite) registered for path 'crawl-ref/source/contrib/sqlite'
Submodule 'crawl-ref/source/contrib/zlib' (git://github.com/crawl/crawl-zlib) registered for path 'crawl-ref/source/contrib/zlib'
[0m[91mCloning into '/root/crawl/crawl-ref/source/contrib/fonts'...
[0m[91mCloning into '/root/crawl/crawl-ref/source/contrib/lua'...
[0m[91mCloning into '/root/crawl/crawl-ref/source/contrib/freetype'...
[0m[91mCloning into '/root/crawl/crawl-ref/source/contrib/libpng'...
[0m[91mCloning into '/root/crawl/crawl-ref/source/contrib/luajit'...
[0m[91mCloning into '/root/crawl/crawl-ref/source/contrib/pcre'...
[0m[91mCloning into '/root/crawl/crawl-ref/source/contrib/sdl2'...
[0m[91mCloning into '/root/crawl/crawl-ref/source/contrib/sdl2-image'...
[0m[91mCloning into '/root/crawl/crawl-ref/source/contrib/sqlite'...
[0m[91mCloning into '/root/crawl/crawl-ref/source/contrib/sdl2-mixer'...
[0m[91mCloning into '/root/crawl/crawl-ref/source/contrib/zlib'...
[0mSubmodule path 'crawl-ref/source/contrib/fonts': checked out '6d3046974f35189a679a4d84b254efe82d1653b3'
Submodule path 'crawl-ref/source/contrib/freetype': checked out '9968cd7325b05a5fb2c0e977c01758ea22553532'
Submodule path 'crawl-ref/source/contrib/libpng': checked out 'ccd6a270020a4d5acca57b285dbce69c2b787879'
Submodule path 'crawl-ref/source/contrib/lua': checked out '881acfc2d9217f122147fbb5b21b2b141c4300c3'
Submodule path 'crawl-ref/source/contrib/luajit': checked out 'dcd543c784817528517f323ac75cee5a1f845f04'
Submodule path 'crawl-ref/source/contrib/pcre': checked out '710ea426a54999192b21bab80b46f11aaaa4753e'
Submodule path 'crawl-ref/source/contrib/sdl2': checked out '07f787c0da7df6e37bd71a71b6e833fd9b88adea'
Submodule path 'crawl-ref/source/contrib/sdl2-image': checked out '9d03f5e3ef23d6e997a3918ff70230fafed068e3'
Submodule path 'crawl-ref/source/contrib/sdl2-mixer': checked out '16dbc95d9dd0ee3c8928abb3a62d910c386dc44f'
Submodule path 'crawl-ref/source/contrib/sqlite': checked out 'c8da44de4f27147a9d756863a6f3c89f536af93c'
Submodule path 'crawl-ref/source/contrib/zlib': checked out 'c34b4f48a59db2cd1c48eb2fea91b4a63dff28db'
Removing intermediate container 0919c6e0a70a
 ---> c9635a53dbe7
Step 15/26 : WORKDIR /root/crawl/crawl-ref/source
 ---> Running in cfb4428d525e
Removing intermediate container cfb4428d525e
 ---> 734a669e5a95
Step 16/26 : RUN make WEBTILES=y USE_DGAMELAUNCH=y
 ---> Running in 0ab633d92702
[91mcat: util/release_ver: No such file or directory
[0m[91mfatal: No names found, cannot describe anything.
[0m  * If you experience any problems building Crawl, please take a second look
  * at INSTALL.txt: the solution to your problem just might be in there!
    * rebuilding crawl: new build flags or prefix
TRACK_CFLAGS = x86_64-linux-gnu-gcc x86_64-linux-gnu-g++ -O2 -pipe -DUSE_TILE -DUSE_TILE_WEB -DEXPERIMENTAL_BRANCH="\"coffee-crawl\"" -Wall -Wformat-security -Wundef -Wextra -Wno-missing-field-initializers -Wno-implicit-fallthrough -Wno-type-limits -Wno-uninitialized -Wno-array-bounds -Wmissing-declarations -Wredundant-decls -Wno-parentheses -Wwrite-strings -Wshadow -pedantic -Wuninitialized -Iutil -I. -isystem /usr/include/lua5.1 -Irltiles -DWIZARD -DASSERTS -DCLUA_BINDINGS -DDGAMELAUNCH -D_DEFAULT_SOURCE -D_XOPEN_SOURCE=600 #EOL
OLD_CFLAGS   =  #EOL
util/art-data.pl
[91mNo TILE defined for 'hood of the Assassin'
[0m[91mNo TILE defined for 'Cigotuvi's embrace'
[0m[91mTILE_EQ not defined for 'hood of the Assassin'
[0m[91mTILE_EQ not defined for 'Cigotuvi's embrace'
[0m    Generating art-data.h
    Generating art-enum.h
    Generating dc-unrand.txt
    Generating tiledef-unrand.cc
    GEN config.h
    GEN mon-mst.h
    GEN species-data.h
    GEN aptitudes.h
    GEN species-groups.h
    GEN species-type.h
make -C rltiles all ARCH=x86_64-linux-gnu NO_PKGCONFIG= TILES=y
make[1]: Entering directory '/root/crawl/crawl-ref/source/rltiles'
    * rebuilding tilegen: new build flags or prefix
    HOSTCXX tool/tile_colour.o
    HOSTCXX tool/tile.o
    HOSTCXX tool/tile_page.o
    HOSTCXX tool/tile_list_processor.o
    HOSTCXX tool/main.o
    HOSTLINK tool/tilegen.elf
    GEN main.png
[91mlibpng warning: Interlace handling should be turned on when using png_read_image[0m[91m
[0m[91mlibpng warning: Interlace handling should be turned on when using png_read_image
[0m[91mlibpng warning: iCCP: known incorrect sRGB profile
[0m[91mlibpng warning: Interlace handling should be turned on when using png_read_image
[0m[91mlibpng warning: Interlace handling should be turned on when using png_read_image
[0m[91mlibpng warning: Interlace handling should be turned on when using png_read_image
[0m[91mlibpng warning: Interlace handling should be turned on when using png_read_image[0m[91m
[0m[91mlibpng warning: Interlace handling should be turned on when using png_read_image[0m[91m
libpng warning: Interlace handling should be turned on when using png_read_image
[0m[91mlibpng warning: Interlace handling should be turned on when using png_read_image
[0m[91mlibpng warning: Interlace handling should be turned on when using png_read_image
[0m[91mlibpng warning: Interlace handling should be turned on when using png_read_image
[0m[91mlibpng warning: Interlace handling should be turned on when using png_read_image
[0m[91mlibpng warning: Interlace handling should be turned on when using png_read_image
[0m[91mlibpng warning: Interlace handling should be turned on when using png_read_image
[0m[91mlibpng warning: Interlace handling should be turned on when using png_read_image
[0m[91mlibpng warning: Interlace handling should be turned on when using png_read_image
[0m[91mlibpng warning: Interlace handling should be turned on when using png_read_image
[0m[91mlibpng warning: Interlace handling should be turned on when using png_read_image
[0m[91mlibpng warning: Interlace handling should be turned on when using png_read_image
[0m[91mlibpng warning: Interlace handling should be turned on when using png_read_image
[0m[91mlibpng warning: Interlace handling should be turned on when using png_read_image
[0m[91mlibpng warning: Interlace handling should be turned on when using png_read_image
[0m[91mlibpng warning: Interlace handling should be turned on when using png_read_image[0m[91m
[0m[91mlibpng warning: Interlace handling should be turned on when using png_read_image
[0m[91mlibpng warning: Interlace handling should be turned on when using png_read_image
[0m[91mlibpng warning: Interlace handling should be turned on when using png_read_image
[0m[91mlibpng warning: Interlace handling should be turned on when using png_read_image
[0m[91mlibpng warning: Interlace handling should be turned on when using png_read_image[0m[91m
[0m[91mlibpng warning: iCCP: known incorrect sRGB profile
libpng warning: iCCP: known incorrect sRGB profile[0m[91m
[0m[91mlibpng warning: iCCP: known incorrect sRGB profile
[0m[91mlibpng warning: Interlace handling should be turned on when using png_read_image
[0m[91mlibpng warning: Interlace handling should be turned on when using png_read_image
[0m[91mlibpng warning: Interlace handling should be turned on when using png_read_image
[0m[91mlibpng warning: iCCP: known incorrect sRGB profile
[0m[91mlibpng warning: iCCP: known incorrect sRGB profile
[0m[91mlibpng warning: iCCP: known incorrect sRGB profile
[0m[91mlibpng warning: Interlace handling should be turned on when using png_read_image
libpng warning: Interlace handling should be turned on when using png_read_image
libpng warning: iCCP: known incorrect sRGB profile
libpng warning: Interlace handling should be turned on when using png_read_image
[0m    GEN tiledef-main.h
[91mlibpng warning: Interlace handling should be turned on when using png_read_image
[0m[91mlibpng warning: Interlace handling should be turned on when using png_read_image
[0m[91mlibpng warning: Interlace handling should be turned on when using png_read_image
libpng warning: Interlace handling should be turned on when using png_read_image
[0m[91mlibpng warning: Interlace handling should be turned on when using png_read_image
[0m[91mlibpng warning: Interlace handling should be turned on when using png_read_image
[0m[91mlibpng warning: Interlace handling should be turned on when using png_read_image
[0m[91mlibpng warning: Interlace handling should be turned on when using png_read_image
[0m[91mlibpng warning: Interlace handling should be turned on when using png_read_image
[0m[91mlibpng warning: Interlace handling should be turned on when using png_read_image
[0m[91mlibpng warning: Interlace handling should be turned on when using png_read_image
[0m[91mlibpng warning: Interlace handling should be turned on when using png_read_image
[0m[91mlibpng warning: Interlace handling should be turned on when using png_read_image
[0m[91mlibpng warning: Interlace handling should be turned on when using png_read_image
[0m[91mlibpng warning: Interlace handling should be turned on when using png_read_image
[0m[91mlibpng warning: Interlace handling should be turned on when using png_read_image
[0m[91mlibpng warning: Interlace handling should be turned on when using png_read_image[0m[91m
[0m[91mlibpng warning: Interlace handling should be turned on when using png_read_image
[0m[91mlibpng warning: Interlace handling should be turned on when using png_read_image
[0m[91mlibpng warning: Interlace handling should be turned on when using png_read_image
libpng warning: Interlace handling should be turned on when using png_read_image
[0m[91mlibpng warning: Interlace handling should be turned on when using png_read_image
[0m[91mlibpng warning: Interlace handling should be turned on when using png_read_image[0m[91m
[0m[91mlibpng warning: Interlace handling should be turned on when using png_read_image
[0m[91mlibpng warning: Interlace handling should be turned on when using png_read_image
[0m[91mlibpng warning: iCCP: known incorrect sRGB profile
[0m[91mlibpng warning: iCCP: known incorrect sRGB profile
[0m[91mlibpng warning: iCCP: known incorrect sRGB profile
[0m[91mlibpng warning: Interlace handling should be turned on when using png_read_image
[0m[91mlibpng warning: Interlace handling should be turned on when using png_read_image
[0m[91mlibpng warning: Interlace handling should be turned on when using png_read_image
[0m[91mlibpng warning: iCCP: known incorrect sRGB profile
libpng warning: iCCP: known incorrect sRGB profile[0m[91m
libpng warning: iCCP: known incorrect sRGB profile
[0m    GEN dngn.png
    GEN tiledef-dngn.h
    GEN floor.png
    GEN tiledef-floor.h
    GEN wall.png
[91mlibpng warning: iCCP: known incorrect sRGB profile
libpng warning: iCCP: known incorrect sRGB profile
[0m[91mlibpng warning: iCCP: known incorrect sRGB profile
libpng warning: iCCP: known incorrect sRGB profile
[0m    GEN tiledef-wall.h
[91mlibpng warning: iCCP: known incorrect sRGB profile
libpng warning: iCCP: known incorrect sRGB profile
[0m[91mlibpng warning: iCCP: known incorrect sRGB profile
[0m[91mlibpng warning: iCCP: known incorrect sRGB profile
[0m    GEN feat.png
    GEN tiledef-feat.h
    GEN player.png
[91mlibpng warning: Interlace handling should be turned on when using png_read_image
[0m[91mlibpng warning: iCCP: known incorrect sRGB profile
libpng warning: iCCP: known incorrect sRGB profile
[0m[91mlibpng warning: Interlace handling should be turned on when using png_read_image
[0m[91mlibpng warning: iCCP: known incorrect sRGB profile
[0m[91mlibpng warning: Interlace handling should be turned on when using png_read_image
[0m[91mlibpng warning: Interlace handling should be turned on when using png_read_image
[0m[91mlibpng warning: Interlace handling should be turned on when using png_read_image
[0m[91mlibpng warning: Interlace handling should be turned on when using png_read_image
[0m[91mlibpng warning: Interlace handling should be turned on when using png_read_image
[0m[91mlibpng warning: Interlace handling should be turned on when using png_read_image
[0m[91mlibpng warning: Interlace handling should be turned on when using png_read_image
[0m[91mlibpng warning: Interlace handling should be turned on when using png_read_image
[0m[91mlibpng warning: Interlace handling should be turned on when using png_read_image
[0m[91mlibpng warning: Interlace handling should be turned on when using png_read_image
libpng warning: Interlace handling should be turned on when using png_read_image
[0m[91mlibpng warning: Interlace handling should be turned on when using png_read_image
[0m[91mlibpng warning: Interlace handling should be turned on when using png_read_image
[0m[91mlibpng warning: Interlace handling should be turned on when using png_read_image
libpng warning: Interlace handling should be turned on when using png_read_image
[0m[91mlibpng warning: Interlace handling should be turned on when using png_read_image
[0m[91mlibpng warning: Interlace handling should be turned on when using png_read_image
[0m[91mlibpng warning: Interlace handling should be turned on when using png_read_image
[0m[91mlibpng warning: Interlace handling should be turned on when using png_read_image
[0m[91mlibpng warning: Interlace handling should be turned on when using png_read_image
libpng warning: Interlace handling should be turned on when using png_read_image
[0m[91mlibpng warning: Interlace handling should be turned on when using png_read_image
libpng warning: Interlace handling should be turned on when using png_read_image
[0m[91mlibpng warning: Interlace handling should be turned on when using png_read_image
libpng warning: Interlace handling should be turned on when using png_read_image
libpng warning: Interlace handling should be turned on when using png_read_image
[0m[91mlibpng warning: Interlace handling should be turned on when using png_read_image
libpng warning: Interlace handling should be turned on when using png_read_image
[0m[91mlibpng warning: Interlace handling should be turned on when using png_read_image
[0m[91mlibpng warning: iCCP: known incorrect sRGB profile
[0m[91mlibpng warning: iCCP: known incorrect sRGB profile
[0m[91mlibpng warning: iCCP: known incorrect sRGB profile
[0m[91mlibpng warning: Interlace handling should be turned on when using png_read_image
[0m[91mlibpng warning: Interlace handling should be turned on when using png_read_image
[0m[91mlibpng warning: Interlace handling should be turned on when using png_read_image
libpng warning: Interlace handling should be turned on when using png_read_image
[0m[91mlibpng warning: iCCP: known incorrect sRGB profile
[0m[91mlibpng warning: Interlace handling should be turned on when using png_read_image
[0m[91mlibpng warning: Interlace handling should be turned on when using png_read_image
libpng warning: Interlace handling should be turned on when using png_read_image
[0m[91mlibpng warning: Interlace handling should be turned on when using png_read_image
[0m[91mlibpng warning: Interlace handling should be turned on when using png_read_image
libpng warning: Interlace handling should be turned on when using png_read_image
[0m[91mlibpng warning: Interlace handling should be turned on when using png_read_image
[0m[91mlibpng warning: Interlace handling should be turned on when using png_read_image
[0m[91mlibpng warning: Interlace handling should be turned on when using png_read_image
[0m[91mlibpng warning: Interlace handling should be turned on when using png_read_image
libpng warning: Interlace handling should be turned on when using png_read_image
libpng warning: Interlace handling should be turned on when using png_read_image
libpng warning: Interlace handling should be turned on when using png_read_image
libpng warning: Interlace handling should be turned on when using png_read_image
libpng warning: Interlace handling should be turned on when using png_read_image
libpng warning: Interlace handling should be turned on when using png_read_image
libpng warning: Interlace handling should be turned on when using png_read_image
libpng warning: Interlace handling should be turned on when using png_read_image
[0m[91mlibpng warning: iCCP: known incorrect sRGB profile
[0m    GEN tiledef-player.h
[91mlibpng warning: Interlace handling should be turned on when using png_read_image
[0m[91mlibpng warning: iCCP: known incorrect sRGB profile
libpng warning: iCCP: known incorrect sRGB profile
[0m[91mlibpng warning: Interlace handling should be turned on when using png_read_image
[0m[91mlibpng warning: iCCP: known incorrect sRGB profile
[0m[91mlibpng warning: Interlace handling should be turned on when using png_read_image
[0m[91mlibpng warning: Interlace handling should be turned on when using png_read_image
[0m[91mlibpng warning: Interlace handling should be turned on when using png_read_image
[0m[91mlibpng warning: Interlace handling should be turned on when using png_read_image
[0m[91mlibpng warning: Interlace handling should be turned on when using png_read_image
[0m[91mlibpng warning: Interlace handling should be turned on when using png_read_image
[0m[91mlibpng warning: Interlace handling should be turned on when using png_read_image
[0m[91mlibpng warning: Interlace handling should be turned on when using png_read_image
[0m[91mlibpng warning: Interlace handling should be turned on when using png_read_image
[0m[91mlibpng warning: Interlace handling should be turned on when using png_read_image
libpng warning: Interlace handling should be turned on when using png_read_image
[0m[91mlibpng warning: Interlace handling should be turned on when using png_read_image
libpng warning: Interlace handling should be turned on when using png_read_image
[0m[91mlibpng warning: Interlace handling should be turned on when using png_read_image
libpng warning: Interlace handling should be turned on when using png_read_image
[0m[91mlibpng warning: Interlace handling should be turned on when using png_read_image
[0m[91mlibpng warning: Interlace handling should be turned on when using png_read_image
[0m[91mlibpng warning: Interlace handling should be turned on when using png_read_image
[0m[91mlibpng warning: Interlace handling should be turned on when using png_read_image
libpng warning: Interlace handling should be turned on when using png_read_image
libpng warning: Interlace handling should be turned on when using png_read_image
[0m[91mlibpng warning: Interlace handling should be turned on when using png_read_image
[0m[91mlibpng warning: Interlace handling should be turned on when using png_read_image
[0m[91mlibpng warning: Interlace handling should be turned on when using png_read_image[0m[91m
[0m[91mlibpng warning: Interlace handling should be turned on when using png_read_image
libpng warning: Interlace handling should be turned on when using png_read_image
libpng warning: Interlace handling should be turned on when using png_read_image
[0m[91mlibpng warning: Interlace handling should be turned on when using png_read_image
[0m[91mlibpng warning: Interlace handling should be turned on when using png_read_image
[0m[91mlibpng warning: iCCP: known incorrect sRGB profile
[0m[91mlibpng warning: iCCP: known incorrect sRGB profile
[0m[91mlibpng warning: iCCP: known incorrect sRGB profile
[0m[91mlibpng warning: Interlace handling should be turned on when using png_read_image
[0m[91mlibpng warning: Interlace handling should be turned on when using png_read_image
[0m[91mlibpng warning: Interlace handling should be turned on when using png_read_image
libpng warning: Interlace handling should be turned on when using png_read_image
[0m[91mlibpng warning: iCCP: known incorrect sRGB profile
[0m[91mlibpng warning: Interlace handling should be turned on when using png_read_image
[0m[91mlibpng warning: Interlace handling should be turned on when using png_read_image
[0m[91mlibpng warning: Interlace handling should be turned on when using png_read_image
[0m[91mlibpng warning: Interlace handling should be turned on when using png_read_image
[0m[91mlibpng warning: Interlace handling should be turned on when using png_read_image
libpng warning: Interlace handling should be turned on when using png_read_image
[0m[91mlibpng warning: Interlace handling should be turned on when using png_read_image
[0m[91mlibpng warning: Interlace handling should be turned on when using png_read_image
[0m[91mlibpng warning: Interlace handling should be turned on when using png_read_image
[0m[91mlibpng warning: Interlace handling should be turned on when using png_read_image
libpng warning: Interlace handling should be turned on when using png_read_image
[0m[91mlibpng warning: Interlace handling should be turned on when using png_read_image
libpng warning: Interlace handling should be turned on when using png_read_image
[0m[91mlibpng warning: Interlace handling should be turned on when using png_read_image
libpng warning: Interlace handling should be turned on when using png_read_image
[0m[91mlibpng warning: Interlace handling should be turned on when using png_read_image
[0m[91mlibpng warning: Interlace handling should be turned on when using png_read_image
[0m[91mlibpng warning: Interlace handling should be turned on when using png_read_image
[0m[91mlibpng warning: iCCP: known incorrect sRGB profile
[0m    GEN gui.png
    GEN tiledef-gui.h
    GEN icons.png
    GEN tiledef-icons.h
make[1]: Leaving directory '/root/crawl/crawl-ref/source/rltiles'
    CXX ability.o
    CXX abyss.o
    CXX acquire.o
    CXX act-iter.o
    CXX actor-los.o
    CXX actor.o
    CXX adjust.o
    CXX areas.o
    CXX arena.o
    CXX artefact.o
    CXX attack.o
    CXX attitude-change.o
    CXX beam.o
    CXX behold.o
    CXX bitary.o
    CXX branch.o
    CXX butcher.o
    CXX bloodspatter.o
    CXX chardump.o
    CXX cio.o
    CXX cloud.o
    CXX clua.o
    CXX cluautil.o
    CXX colour.o
    CXX command.o
    CXX coord.o
    CXX coord-circle.o
    CXX coordit.o
    CXX crash.o
    CXX ctest.o
    CXX dactions.o
    CXX database.o
    CXX dbg-asrt.o
    CXX dbg-maps.o
    CXX dbg-objstat.o
    CXX dbg-scan.o
    CXX dbg-util.o
    CXX decks.o
    CXX delay.o
    CXX describe.o
    CXX describe-god.o
    CXX describe-spells.o
    CXX dgl-message.o
    CXX dgn-delve.o
    CXX dgn-height.o
    CXX dgn-irregular-box.o
    CXX dgn-layouts.o
    CXX dgn-overview.o
    CXX dgn-proclayouts.o
    CXX dgn-shoals.o
    CXX dgn-swamp.o
    CXX dgn-event.o
    CXX directn.o
    CXX dlua.o
    CXX domino.o
    CXX dungeon.o
    CXX end.o
    CXX english.o
    CXX errors.o
    CXX evoke.o
    CXX exclude.o
    CXX exercise.o
    CXX fearmonger.o
    CXX feature.o
    CXX fight.o
    CXX files.o
    CXX fineff.o
    CXX food.o
    CXX format.o
    CXX fprop.o
    CXX game-options.o
    CXX geom2d.o
    CXX ghost.o
    CXX god-abil.o
    CXX god-blessing.o
    CXX god-companions.o
    CXX god-conduct.o
    CXX god-item.o
    CXX god-menu.o
    CXX god-passive.o
    CXX god-prayer.o
    CXX god-wrath.o
    CXX hash.o
    CXX hints.o
    CXX hiscores.o
